Unity Editor version:    2020.3.21f1 (a38c86f6690f)
Branch:                  2020.3/staging
Build type:              Release
Batch mode:              YES
macOS version:           Version 11.2.1 (Build 20D74)
Darwin version:          20.3.0
Architecture:            x86_64
Running under Rosetta:   NO
Available memory:        8192 MB
Using pre-set license
Pro License: NO

COMMAND LINE ARGUMENTS:
/Applications/Unity/Hub/Editor/2020.3.21f1/Unity.app/Contents/MacOS/Unity
-adb2
-batchMode
-noUpm
-name
AssetImportWorker0
-projectPath
/Users/sebastienjacquemart/My project (1)
-logFile
Logs/AssetImportWorker0.log
-srvPort
64758
Successfully changed project path to: /Users/sebastienjacquemart/My project (1)
/Users/sebastienjacquemart/My project (1)
Using Asset Import Pipeline V2.
Refreshing native plugins compatible for Editor in 94.75 ms, found 3 plugins.
Preloading 0 native plugins for Editor in 0.00 ms.
Initialize engine version: 2020.3.21f1 (a38c86f6690f)
[Subsystems] Discovering subsystems at path /Applications/Unity/Hub/Editor/2020.3.21f1/Unity.app/Contents/Resources/UnitySubsystems
[Subsystems] Discovering subsystems at path /Users/sebastienjacquemart/My project (1)/Assets
GfxDevice: creating device client; threaded=0
2021-11-28 10:42:13.426 Unity[16497:1328913] Color LCD preferred device: Intel(R) Iris(TM) Plus Graphics 655 (low power)
2021-11-28 10:42:13.426 Unity[16497:1328913] Metal devices available: 1
2021-11-28 10:42:13.426 Unity[16497:1328913] 0: Intel(R) Iris(TM) Plus Graphics 655 (low power)
2021-11-28 10:42:13.426 Unity[16497:1328913] Using device Intel(R) Iris(TM) Plus Graphics 655 (low power)
Initializing Metal device caps: Intel(R) Iris(TM) Plus Graphics 655
Initialize mono
Mono path[0] = '/Applications/Unity/Hub/Editor/2020.3.21f1/Unity.app/Contents/Managed'
Mono path[1] = '/Applications/Unity/Hub/Editor/2020.3.21f1/Unity.app/Contents/MonoBleedingEdge/lib/mono/unityjit'
Mono config path = '/Applications/Unity/Hub/Editor/2020.3.21f1/Unity.app/Contents/MonoBleedingEdge/etc'
Using monoOptions --debugger-agent=transport=dt_socket,embedding=1,server=y,suspend=n,address=127.0.0.1:56497
Begin MonoManager ReloadAssembly
Registering precompiled unity dll's ...
Register platform support module: /Applications/Unity/Hub/Editor/2020.3.21f1/Unity.app/Contents/PlaybackEngines/MacStandaloneSupport/UnityEditor.OSXStandalone.Extensions.dll
Registered in 0.001691 seconds.
Native extension for OSXStandalone target not found
Refreshing native plugins compatible for Editor in 63.67 ms, found 3 plugins.
Preloading 0 native plugins for Editor in 0.00 ms.
Mono: successfully reloaded assembly
- Completed reload, in  3.465 seconds
Domain Reload Profiling:
	ReloadAssembly (3466ms)
		BeginReloadAssembly (51ms)
			ExecutionOrderSort (0ms)
			DisableScriptedObjects (0ms)
			BackupInstance (0ms)
			ReleaseScriptingObjects (0ms)
			CreateAndSetChildDomain (1ms)
		EndReloadAssembly (615ms)
			LoadAssemblies (51ms)
			RebuildTransferFunctionScriptingTraits (0ms)
			SetupTypeCache (220ms)
			ReleaseScriptCaches (0ms)
			RebuildScriptCaches (44ms)
			SetupLoadedEditorAssemblies (254ms)
				LogAssemblyErrors (0ms)
				InitializePlatformSupportModulesInManaged (4ms)
				SetLoadedEditorAssemblies (0ms)
				RefreshPlugins (64ms)
				BeforeProcessingInitializeOnLoad (34ms)
				ProcessInitializeOnLoadAttributes (117ms)
				ProcessInitializeOnLoadMethodAttributes (35ms)
				AfterProcessingInitializeOnLoad (0ms)
				EditorAssembliesLoaded (0ms)
			ExecutionOrderSort2 (0ms)
			AwakeInstancesAfterBackupRestoration (0ms)
Platform modules already initialized, skipping
Registering precompiled user dll's ...
Registered in 0.016673 seconds.
Begin MonoManager ReloadAssembly
Native extension for OSXStandalone target not found
Refreshing native plugins compatible for Editor in 65.51 ms, found 3 plugins.
Preloading 0 native plugins for Editor in 0.00 ms.
Mono: successfully reloaded assembly
- Completed reload, in  2.298 seconds
Domain Reload Profiling:
	ReloadAssembly (2300ms)
		BeginReloadAssembly (176ms)
			ExecutionOrderSort (0ms)
			DisableScriptedObjects (5ms)
			BackupInstance (0ms)
			ReleaseScriptingObjects (0ms)
			CreateAndSetChildDomain (36ms)
		EndReloadAssembly (2053ms)
			LoadAssemblies (154ms)
			RebuildTransferFunctionScriptingTraits (0ms)
			SetupTypeCache (475ms)
			ReleaseScriptCaches (1ms)
			RebuildScriptCaches (79ms)
			SetupLoadedEditorAssemblies (1204ms)
				LogAssemblyErrors (0ms)
				InitializePlatformSupportModulesInManaged (4ms)
				SetLoadedEditorAssemblies (0ms)
				RefreshPlugins (66ms)
				BeforeProcessingInitializeOnLoad (93ms)
				ProcessInitializeOnLoadAttributes (1024ms)
				ProcessInitializeOnLoadMethodAttributes (14ms)
				AfterProcessingInitializeOnLoad (1ms)
				EditorAssembliesLoaded (0ms)
			ExecutionOrderSort2 (0ms)
			AwakeInstancesAfterBackupRestoration (7ms)
Platform modules already initialized, skipping
Validating Project structure ... 0.013017 seconds.
Shader import version has changed; will reimport all shaders...
Upgrading shader files ...0.034274 seconds.
Application.AssetDatabase Initial Script Refresh Start
RefreshInfo: InitialScriptRefreshV2(NoUpdateAssetOptions) scanfilter:  ... 1 filters
RefreshProfiler: Total: 0.000ms
Application.AssetDatabase Initial Script Refresh End
Application.AssetDatabase.Refresh Start
Application.AssetDatabase.Refresh End
RefreshInfo: StopAssetImportingV2(ForceSynchronousImport) scanfilter: 
RefreshProfiler: Total: 0.000ms
Launching external process: /Applications/Unity/Hub/Editor/2020.3.21f1/Unity.app/Contents/Tools/UnityShaderCompiler
Launched and connected shader compiler UnityShaderCompiler after 0.03 seconds
Initializing Unity extensions:
========================================================================
Worker process is ready to serve import requests
Refreshing native plugins compatible for Editor in 0.77 ms, found 3 plugins.
Preloading 0 native plugins for Editor in 0.00 ms.
Unloading 2873 Unused Serialized files (Serialized files now loaded: 0)
System memory in use before: 285.5 MB.
System memory in use after: 261.9 MB.

Unloading 290 unused Assets to reduce memory usage. Loaded Objects now: 3263.
Total: 11.015804 ms (FindLiveObjects: 0.398724 ms CreateObjectMapping: 0.197196 ms MarkObjects: 3.331509 ms  DeleteObjects: 7.087343 ms)

AssetImportParameters requested are different than current active one (requested -> active):
  custom:video-decoder-ogg-theora: a1e56fd34408186e4bbccfd4996cb3dc -> 
  custom:container-muxer-webm: aa71ff27fc2769a1b78a27578f13a17b -> 
  custom:container-demuxer-webm: 4f35f7cbe854078d1ac9338744f61a02 -> 
  custom:container-demuxer-ogg: 62fdf1f143b41e24485cea50d1cbac27 -> 
  custom:video-encoder-webm-vp8: eb34c28f22e8b96e1ab97ce403110664 -> 
  custom:framework-osx-AVFoundation: e770b220cccbd017edd2c1fefb359320 -> 
  custom:video-decoder-webm-vp8: 9c59270c3fd7afecdb556c50c9e8de78 -> 
  custom:audio-decoder-ogg-vorbis: bf7c407c2cedff20999df2af8eb42d56 -> 
  custom:audio-encoder-webm-vorbis: bf7c407c2cedff20999df2af8eb42d56 -> 
========================================================================
Received Import Request.
  path: ProjectSettings/TagManager.asset
  artifactKey: Guid(00000000000000003000000000000000) Importer(815301076,1909f56bfc062723c751e8b465ee728b)
Start importing ProjectSettings/TagManager.asset using Guid(00000000000000003000000000000000) Importer(815301076,1909f56bfc062723c751e8b465ee728b)  -> (artifact id: 'e6ce50716359361ee146ff8e1903030a') in 1.298156 seconds 
  Import took 1.306697 seconds .

========================================================================
Received Import Request.
  Time since last request: 1596.209033 seconds.
  path: Assets/Karting/Audio/NewBehaviourScript.cs
  artifactKey: Guid(c3ff6f5fd688940bab58397b1211e2b5) Importer(815301076,1909f56bfc062723c751e8b465ee728b)
Start importing Assets/Karting/Audio/NewBehaviourScript.cs using Guid(c3ff6f5fd688940bab58397b1211e2b5) Importer(815301076,1909f56bfc062723c751e8b465ee728b)  -> (artifact id: '79268a6834536d9b99b5a6c4825e832e') in 3.294888 seconds 
  Import took 3.340948 seconds .

========================================================================
Received Prepare
Registering precompiled user dll's ...
Registered in 0.004835 seconds.
Begin MonoManager ReloadAssembly
Native extension for OSXStandalone target not found
Refreshing native plugins compatible for Editor in 0.75 ms, found 3 plugins.
Preloading 0 native plugins for Editor in 0.00 ms.
Mono: successfully reloaded assembly
- Completed reload, in  1.697 seconds
Domain Reload Profiling:
	ReloadAssembly (1705ms)
		BeginReloadAssembly (276ms)
			ExecutionOrderSort (0ms)
			DisableScriptedObjects (9ms)
			BackupInstance (0ms)
			ReleaseScriptingObjects (0ms)
			CreateAndSetChildDomain (166ms)
		EndReloadAssembly (1354ms)
			LoadAssemblies (103ms)
			RebuildTransferFunctionScriptingTraits (0ms)
			SetupTypeCache (507ms)
			ReleaseScriptCaches (1ms)
			RebuildScriptCaches (64ms)
			SetupLoadedEditorAssemblies (517ms)
				LogAssemblyErrors (0ms)
				InitializePlatformSupportModulesInManaged (5ms)
				SetLoadedEditorAssemblies (1ms)
				RefreshPlugins (1ms)
				BeforeProcessingInitializeOnLoad (152ms)
				ProcessInitializeOnLoadAttributes (349ms)
				ProcessInitializeOnLoadMethodAttributes (9ms)
				AfterProcessingInitializeOnLoad (1ms)
				EditorAssembliesLoaded (0ms)
			ExecutionOrderSort2 (0ms)
			AwakeInstancesAfterBackupRestoration (7ms)
Platform modules already initialized, skipping
Refreshing native plugins compatible for Editor in 0.78 ms, found 3 plugins.
Preloading 0 native plugins for Editor in 0.00 ms.
Unloading 2837 Unused Serialized files (Serialized files now loaded: 0)
System memory in use before: 264.6 MB.
System memory in use after: 260.4 MB.

Unloading 86 unused Assets to reduce memory usage. Loaded Objects now: 3279.
Total: 6.961310 ms (FindLiveObjects: 0.372972 ms CreateObjectMapping: 0.150699 ms MarkObjects: 3.756766 ms  DeleteObjects: 2.679334 ms)

AssetImportParameters requested are different than current active one (requested -> active):
  custom:video-decoder-ogg-theora: a1e56fd34408186e4bbccfd4996cb3dc -> 
  custom:container-muxer-webm: aa71ff27fc2769a1b78a27578f13a17b -> 
  custom:container-demuxer-webm: 4f35f7cbe854078d1ac9338744f61a02 -> 
  custom:container-demuxer-ogg: 62fdf1f143b41e24485cea50d1cbac27 -> 
  custom:video-encoder-webm-vp8: eb34c28f22e8b96e1ab97ce403110664 -> 
  custom:framework-osx-AVFoundation: e770b220cccbd017edd2c1fefb359320 -> 
  custom:video-decoder-webm-vp8: 9c59270c3fd7afecdb556c50c9e8de78 -> 
  custom:audio-decoder-ogg-vorbis: bf7c407c2cedff20999df2af8eb42d56 -> 
  custom:audio-encoder-webm-vorbis: bf7c407c2cedff20999df2af8eb42d56 -> 
========================================================================
Received Import Request.
  Time since last request: 11.272700 seconds.
  path: Assets/Karting/Scripts/AI/KartGame.AI.asmdef
  artifactKey: Guid(c3aefbb81b4ef42e58aa75666617a7b2) Importer(815301076,1909f56bfc062723c751e8b465ee728b)
Start importing Assets/Karting/Scripts/AI/KartGame.AI.asmdef using Guid(c3aefbb81b4ef42e58aa75666617a7b2) Importer(815301076,1909f56bfc062723c751e8b465ee728b)  -> (artifact id: '7442c9b89fae7681382265245c09719d') in 0.376508 seconds 
  Import took 0.384236 seconds .

========================================================================
Received Import Request.
  Time since last request: 6.150760 seconds.
  path: Assets/Karting/Scripts/Editor/KartGame.Editor.asmdef
  artifactKey: Guid(3375b28e911dd774b90823231fc97a69) Importer(815301076,1909f56bfc062723c751e8b465ee728b)
Start importing Assets/Karting/Scripts/Editor/KartGame.Editor.asmdef using Guid(3375b28e911dd774b90823231fc97a69) Importer(815301076,1909f56bfc062723c751e8b465ee728b)  -> (artifact id: '1cb7c954ef9d3d1efa6ce133fa94dd3d') in 0.002966 seconds 
  Import took 0.010191 seconds .

========================================================================
Received Import Request.
  Time since last request: 21.548220 seconds.
  path: Assets/Karting/Audio/UI/Notification_Chime.wav
  artifactKey: Guid(179db782f1044bc48b9dff5d487c4bef) Importer(815301076,1909f56bfc062723c751e8b465ee728b)
Start importing Assets/Karting/Audio/UI/Notification_Chime.wav using Guid(179db782f1044bc48b9dff5d487c4bef) Importer(815301076,1909f56bfc062723c751e8b465ee728b)  -> (artifact id: 'd495a275b1acd86f1830ef6c1587d518') in 1.234268 seconds 
  Import took 1.241279 seconds .

========================================================================
Received Import Request.
  Time since last request: 0.006009 seconds.
  path: Assets/Karting/Audio/UI/Notification_End.wav
  artifactKey: Guid(a533219934975884e81c1add37af9930) Importer(815301076,1909f56bfc062723c751e8b465ee728b)
Start importing Assets/Karting/Audio/UI/Notification_End.wav using Guid(a533219934975884e81c1add37af9930) Importer(815301076,1909f56bfc062723c751e8b465ee728b)  -> (artifact id: '248d18480a1522b28af187d838e91b98') in 0.022937 seconds 
  Import took 0.029699 seconds .

========================================================================
Received Import Request.
  Time since last request: 0.003212 seconds.
  path: Assets/Karting/Audio/UI/Warning_Bip.wav
  artifactKey: Guid(c1d1b8740810641508a7156b10ff59f2) Importer(815301076,1909f56bfc062723c751e8b465ee728b)
Start importing Assets/Karting/Audio/UI/Warning_Bip.wav using Guid(c1d1b8740810641508a7156b10ff59f2) Importer(815301076,1909f56bfc062723c751e8b465ee728b)  -> (artifact id: 'a34a8ceebf5b327107ed93c95593aed8') in 0.018228 seconds 
  Import took 0.025402 seconds .

========================================================================
Received Import Request.
  Time since last request: 0.000697 seconds.
  path: Assets/Karting/Audio/UI/Notification_Snap.wav
  artifactKey: Guid(3f01be6994a0ab6448a945dbdd9b3cda) Importer(815301076,1909f56bfc062723c751e8b465ee728b)
Start importing Assets/Karting/Audio/UI/Notification_Snap.wav using Guid(3f01be6994a0ab6448a945dbdd9b3cda) Importer(815301076,1909f56bfc062723c751e8b465ee728b)  -> (artifact id: 'ae5345b45ebc94832fb6f0c2bdef3ed3') in 0.022720 seconds 
  Import took 0.031042 seconds .

========================================================================
Received Prepare
Registering precompiled user dll's ...
Registered in 0.006341 seconds.
Begin MonoManager ReloadAssembly
Native extension for OSXStandalone target not found
Refreshing native plugins compatible for Editor in 0.80 ms, found 3 plugins.
Preloading 0 native plugins for Editor in 0.00 ms.
Mono: successfully reloaded assembly
- Completed reload, in  1.545 seconds
Domain Reload Profiling:
	ReloadAssembly (1547ms)
		BeginReloadAssembly (220ms)
			ExecutionOrderSort (0ms)
			DisableScriptedObjects (5ms)
			BackupInstance (0ms)
			ReleaseScriptingObjects (0ms)
			CreateAndSetChildDomain (126ms)
		EndReloadAssembly (1257ms)
			LoadAssemblies (99ms)
			RebuildTransferFunctionScriptingTraits (0ms)
			SetupTypeCache (434ms)
			ReleaseScriptCaches (1ms)
			RebuildScriptCaches (59ms)
			SetupLoadedEditorAssemblies (514ms)
				LogAssemblyErrors (0ms)
				InitializePlatformSupportModulesInManaged (5ms)
				SetLoadedEditorAssemblies (1ms)
				RefreshPlugins (1ms)
				BeforeProcessingInitializeOnLoad (154ms)
				ProcessInitializeOnLoadAttributes (344ms)
				ProcessInitializeOnLoadMethodAttributes (8ms)
				AfterProcessingInitializeOnLoad (1ms)
				EditorAssembliesLoaded (0ms)
			ExecutionOrderSort2 (0ms)
			AwakeInstancesAfterBackupRestoration (14ms)
Platform modules already initialized, skipping
Refreshing native plugins compatible for Editor in 0.78 ms, found 3 plugins.
Preloading 0 native plugins for Editor in 0.00 ms.
Unloading 2837 Unused Serialized files (Serialized files now loaded: 0)
System memory in use before: 274.1 MB.
System memory in use after: 270.1 MB.

Unloading 84 unused Assets to reduce memory usage. Loaded Objects now: 3301.
Total: 7.244923 ms (FindLiveObjects: 0.313802 ms CreateObjectMapping: 0.222981 ms MarkObjects: 3.971852 ms  DeleteObjects: 2.734884 ms)

AssetImportParameters requested are different than current active one (requested -> active):
  custom:video-decoder-ogg-theora: a1e56fd34408186e4bbccfd4996cb3dc -> 
  custom:container-muxer-webm: aa71ff27fc2769a1b78a27578f13a17b -> 
  custom:container-demuxer-webm: 4f35f7cbe854078d1ac9338744f61a02 -> 
  custom:container-demuxer-ogg: 62fdf1f143b41e24485cea50d1cbac27 -> 
  custom:video-encoder-webm-vp8: eb34c28f22e8b96e1ab97ce403110664 -> 
  custom:framework-osx-AVFoundation: e770b220cccbd017edd2c1fefb359320 -> 
  custom:video-decoder-webm-vp8: 9c59270c3fd7afecdb556c50c9e8de78 -> 
  custom:audio-decoder-ogg-vorbis: bf7c407c2cedff20999df2af8eb42d56 -> 
  custom:audio-encoder-webm-vorbis: bf7c407c2cedff20999df2af8eb42d56 -> 
========================================================================
Received Import Request.
  Time since last request: 13.914320 seconds.
  path: Assets/Karting/Scripts/AI/KartAgent.cs
  artifactKey: Guid(e8765d53e046ef74898109def269b8cb) Importer(815301076,1909f56bfc062723c751e8b465ee728b)
Start importing Assets/Karting/Scripts/AI/KartAgent.cs using Guid(e8765d53e046ef74898109def269b8cb) Importer(815301076,1909f56bfc062723c751e8b465ee728b)  -> (artifact id: '133b3d5f2d5a8259c4b4e8fc14d72201') in 0.005999 seconds 
  Import took 0.011795 seconds .

========================================================================
Received Import Request.
  Time since last request: 28.401401 seconds.
  path: Assets/Karting/Scripts/RayPerceptionSensor
  artifactKey: Guid(d9f22727e065f42448c68a006fecf76a) Importer(815301076,1909f56bfc062723c751e8b465ee728b)
Start importing Assets/Karting/Scripts/RayPerceptionSensor using Guid(d9f22727e065f42448c68a006fecf76a) Importer(815301076,1909f56bfc062723c751e8b465ee728b)  -> (artifact id: 'aee442ebacb741388870f2aa4d348c57') in 0.001772 seconds 
  Import took 0.009292 seconds .

========================================================================
Received Prepare
Registering precompiled user dll's ...
Registered in 0.007138 seconds.
Begin MonoManager ReloadAssembly
Native extension for OSXStandalone target not found
Refreshing native plugins compatible for Editor in 0.78 ms, found 3 plugins.
Preloading 0 native plugins for Editor in 0.00 ms.
Mono: successfully reloaded assembly
- Completed reload, in  1.496 seconds
Domain Reload Profiling:
	ReloadAssembly (1517ms)
		BeginReloadAssembly (214ms)
			ExecutionOrderSort (0ms)
			DisableScriptedObjects (5ms)
			BackupInstance (0ms)
			ReleaseScriptingObjects (0ms)
			CreateAndSetChildDomain (119ms)
		EndReloadAssembly (1229ms)
			LoadAssemblies (90ms)
			RebuildTransferFunctionScriptingTraits (0ms)
			SetupTypeCache (430ms)
			ReleaseScriptCaches (1ms)
			RebuildScriptCaches (61ms)
			SetupLoadedEditorAssemblies (492ms)
				LogAssemblyErrors (0ms)
				InitializePlatformSupportModulesInManaged (5ms)
				SetLoadedEditorAssemblies (0ms)
				RefreshPlugins (1ms)
				BeforeProcessingInitializeOnLoad (148ms)
				ProcessInitializeOnLoadAttributes (328ms)
				ProcessInitializeOnLoadMethodAttributes (9ms)
				AfterProcessingInitializeOnLoad (1ms)
				EditorAssembliesLoaded (0ms)
			ExecutionOrderSort2 (0ms)
			AwakeInstancesAfterBackupRestoration (14ms)
Platform modules already initialized, skipping
Refreshing native plugins compatible for Editor in 0.73 ms, found 3 plugins.
Preloading 0 native plugins for Editor in 0.00 ms.
Unloading 2837 Unused Serialized files (Serialized files now loaded: 0)
System memory in use before: 274.5 MB.
System memory in use after: 270.4 MB.

Unloading 84 unused Assets to reduce memory usage. Loaded Objects now: 3315.
Total: 6.083435 ms (FindLiveObjects: 0.275077 ms CreateObjectMapping: 0.131992 ms MarkObjects: 3.345572 ms  DeleteObjects: 2.329708 ms)

AssetImportParameters requested are different than current active one (requested -> active):
  custom:video-decoder-ogg-theora: a1e56fd34408186e4bbccfd4996cb3dc -> 
  custom:container-muxer-webm: aa71ff27fc2769a1b78a27578f13a17b -> 
  custom:container-demuxer-webm: 4f35f7cbe854078d1ac9338744f61a02 -> 
  custom:container-demuxer-ogg: 62fdf1f143b41e24485cea50d1cbac27 -> 
  custom:video-encoder-webm-vp8: eb34c28f22e8b96e1ab97ce403110664 -> 
  custom:framework-osx-AVFoundation: e770b220cccbd017edd2c1fefb359320 -> 
  custom:video-decoder-webm-vp8: 9c59270c3fd7afecdb556c50c9e8de78 -> 
  custom:audio-decoder-ogg-vorbis: bf7c407c2cedff20999df2af8eb42d56 -> 
  custom:audio-encoder-webm-vorbis: bf7c407c2cedff20999df2af8eb42d56 -> 
========================================================================
Received Import Request.
  Time since last request: 16.251556 seconds.
  path: Assets/Karting/Scripts/RayPerceptionSensor/ReadData.cs
  artifactKey: Guid(c3ff6f5fd688940bab58397b1211e2b5) Importer(815301076,1909f56bfc062723c751e8b465ee728b)
Start importing Assets/Karting/Scripts/RayPerceptionSensor/ReadData.cs using Guid(c3ff6f5fd688940bab58397b1211e2b5) Importer(815301076,1909f56bfc062723c751e8b465ee728b)  -> (artifact id: '9222f645c88f7762dd47191f58a49fd6') in 0.011787 seconds 
  Import took 0.022711 seconds .

========================================================================
Received Prepare
Registering precompiled user dll's ...
Registered in 0.006279 seconds.
Begin MonoManager ReloadAssembly
Native extension for OSXStandalone target not found
Refreshing native plugins compatible for Editor in 0.78 ms, found 3 plugins.
Preloading 0 native plugins for Editor in 0.00 ms.
Mono: successfully reloaded assembly
- Completed reload, in  1.623 seconds
Domain Reload Profiling:
	ReloadAssembly (1648ms)
		BeginReloadAssembly (243ms)
			ExecutionOrderSort (0ms)
			DisableScriptedObjects (5ms)
			BackupInstance (0ms)
			ReleaseScriptingObjects (0ms)
			CreateAndSetChildDomain (129ms)
		EndReloadAssembly (1312ms)
			LoadAssemblies (102ms)
			RebuildTransferFunctionScriptingTraits (0ms)
			SetupTypeCache (455ms)
			ReleaseScriptCaches (1ms)
			RebuildScriptCaches (63ms)
			SetupLoadedEditorAssemblies (526ms)
				LogAssemblyErrors (0ms)
				InitializePlatformSupportModulesInManaged (5ms)
				SetLoadedEditorAssemblies (1ms)
				RefreshPlugins (1ms)
				BeforeProcessingInitializeOnLoad (155ms)
				ProcessInitializeOnLoadAttributes (351ms)
				ProcessInitializeOnLoadMethodAttributes (12ms)
				AfterProcessingInitializeOnLoad (2ms)
				EditorAssembliesLoaded (0ms)
			ExecutionOrderSort2 (0ms)
			AwakeInstancesAfterBackupRestoration (16ms)
Platform modules already initialized, skipping
Refreshing native plugins compatible for Editor in 0.70 ms, found 3 plugins.
Preloading 0 native plugins for Editor in 0.00 ms.
Unloading 2837 Unused Serialized files (Serialized files now loaded: 0)
System memory in use before: 274.8 MB.
System memory in use after: 270.7 MB.

Unloading 84 unused Assets to reduce memory usage. Loaded Objects now: 3329.
Total: 6.468822 ms (FindLiveObjects: 0.316074 ms CreateObjectMapping: 0.129059 ms MarkObjects: 3.645310 ms  DeleteObjects: 2.377138 ms)

AssetImportParameters requested are different than current active one (requested -> active):
  custom:video-decoder-ogg-theora: a1e56fd34408186e4bbccfd4996cb3dc -> 
  custom:container-muxer-webm: aa71ff27fc2769a1b78a27578f13a17b -> 
  custom:container-demuxer-webm: 4f35f7cbe854078d1ac9338744f61a02 -> 
  custom:container-demuxer-ogg: 62fdf1f143b41e24485cea50d1cbac27 -> 
  custom:video-encoder-webm-vp8: eb34c28f22e8b96e1ab97ce403110664 -> 
  custom:framework-osx-AVFoundation: e770b220cccbd017edd2c1fefb359320 -> 
  custom:video-decoder-webm-vp8: 9c59270c3fd7afecdb556c50c9e8de78 -> 
  custom:audio-decoder-ogg-vorbis: bf7c407c2cedff20999df2af8eb42d56 -> 
  custom:audio-encoder-webm-vorbis: bf7c407c2cedff20999df2af8eb42d56 -> 
========================================================================
Received Prepare
Registering precompiled user dll's ...
Registered in 0.013930 seconds.
Begin MonoManager ReloadAssembly
Native extension for OSXStandalone target not found
Refreshing native plugins compatible for Editor in 0.74 ms, found 3 plugins.
Preloading 0 native plugins for Editor in 0.00 ms.
Mono: successfully reloaded assembly
- Completed reload, in  1.772 seconds
Domain Reload Profiling:
	ReloadAssembly (1773ms)
		BeginReloadAssembly (280ms)
			ExecutionOrderSort (0ms)
			DisableScriptedObjects (9ms)
			BackupInstance (0ms)
			ReleaseScriptingObjects (0ms)
			CreateAndSetChildDomain (167ms)
		EndReloadAssembly (1414ms)
			LoadAssemblies (156ms)
			RebuildTransferFunctionScriptingTraits (0ms)
			SetupTypeCache (489ms)
			ReleaseScriptCaches (1ms)
			RebuildScriptCaches (64ms)
			SetupLoadedEditorAssemblies (535ms)
				LogAssemblyErrors (0ms)
				InitializePlatformSupportModulesInManaged (6ms)
				SetLoadedEditorAssemblies (1ms)
				RefreshPlugins (1ms)
				BeforeProcessingInitializeOnLoad (156ms)
				ProcessInitializeOnLoadAttributes (357ms)
				ProcessInitializeOnLoadMethodAttributes (14ms)
				AfterProcessingInitializeOnLoad (1ms)
				EditorAssembliesLoaded (0ms)
			ExecutionOrderSort2 (0ms)
			AwakeInstancesAfterBackupRestoration (17ms)
Platform modules already initialized, skipping
Refreshing native plugins compatible for Editor in 0.84 ms, found 3 plugins.
Preloading 0 native plugins for Editor in 0.00 ms.
Unloading 2837 Unused Serialized files (Serialized files now loaded: 0)
System memory in use before: 275.1 MB.
System memory in use after: 271.0 MB.

Unloading 84 unused Assets to reduce memory usage. Loaded Objects now: 3343.
Total: 8.492661 ms (FindLiveObjects: 0.977367 ms CreateObjectMapping: 0.225767 ms MarkObjects: 4.242934 ms  DeleteObjects: 3.045608 ms)

AssetImportParameters requested are different than current active one (requested -> active):
  custom:video-decoder-ogg-theora: a1e56fd34408186e4bbccfd4996cb3dc -> 
  custom:container-muxer-webm: aa71ff27fc2769a1b78a27578f13a17b -> 
  custom:container-demuxer-webm: 4f35f7cbe854078d1ac9338744f61a02 -> 
  custom:container-demuxer-ogg: 62fdf1f143b41e24485cea50d1cbac27 -> 
  custom:video-encoder-webm-vp8: eb34c28f22e8b96e1ab97ce403110664 -> 
  custom:framework-osx-AVFoundation: e770b220cccbd017edd2c1fefb359320 -> 
  custom:video-decoder-webm-vp8: 9c59270c3fd7afecdb556c50c9e8de78 -> 
  custom:audio-decoder-ogg-vorbis: bf7c407c2cedff20999df2af8eb42d56 -> 
  custom:audio-encoder-webm-vorbis: bf7c407c2cedff20999df2af8eb42d56 -> 
========================================================================
Received Prepare
Registering precompiled user dll's ...
Registered in 0.004509 seconds.
Begin MonoManager ReloadAssembly
Native extension for OSXStandalone target not found
Refreshing native plugins compatible for Editor in 0.76 ms, found 3 plugins.
Preloading 0 native plugins for Editor in 0.00 ms.
Mono: successfully reloaded assembly
- Completed reload, in  1.703 seconds
Domain Reload Profiling:
	ReloadAssembly (1713ms)
		BeginReloadAssembly (239ms)
			ExecutionOrderSort (0ms)
			DisableScriptedObjects (6ms)
			BackupInstance (0ms)
			ReleaseScriptingObjects (0ms)
			CreateAndSetChildDomain (144ms)
		EndReloadAssembly (1372ms)
			LoadAssemblies (120ms)
			RebuildTransferFunctionScriptingTraits (0ms)
			SetupTypeCache (488ms)
			ReleaseScriptCaches (1ms)
			RebuildScriptCaches (66ms)
			SetupLoadedEditorAssemblies (526ms)
				LogAssemblyErrors (0ms)
				InitializePlatformSupportModulesInManaged (7ms)
				SetLoadedEditorAssemblies (1ms)
				RefreshPlugins (1ms)
				BeforeProcessingInitializeOnLoad (158ms)
				ProcessInitializeOnLoadAttributes (349ms)
				ProcessInitializeOnLoadMethodAttributes (9ms)
				AfterProcessingInitializeOnLoad (1ms)
				EditorAssembliesLoaded (0ms)
			ExecutionOrderSort2 (0ms)
			AwakeInstancesAfterBackupRestoration (17ms)
Platform modules already initialized, skipping
Refreshing native plugins compatible for Editor in 0.75 ms, found 3 plugins.
Preloading 0 native plugins for Editor in 0.00 ms.
Unloading 2837 Unused Serialized files (Serialized files now loaded: 0)
System memory in use before: 275.4 MB.
System memory in use after: 271.3 MB.

Unloading 84 unused Assets to reduce memory usage. Loaded Objects now: 3357.
Total: 6.392893 ms (FindLiveObjects: 0.289874 ms CreateObjectMapping: 0.129815 ms MarkObjects: 3.438929 ms  DeleteObjects: 2.533169 ms)

AssetImportParameters requested are different than current active one (requested -> active):
  custom:video-decoder-ogg-theora: a1e56fd34408186e4bbccfd4996cb3dc -> 
  custom:container-muxer-webm: aa71ff27fc2769a1b78a27578f13a17b -> 
  custom:container-demuxer-webm: 4f35f7cbe854078d1ac9338744f61a02 -> 
  custom:container-demuxer-ogg: 62fdf1f143b41e24485cea50d1cbac27 -> 
  custom:video-encoder-webm-vp8: eb34c28f22e8b96e1ab97ce403110664 -> 
  custom:framework-osx-AVFoundation: e770b220cccbd017edd2c1fefb359320 -> 
  custom:video-decoder-webm-vp8: 9c59270c3fd7afecdb556c50c9e8de78 -> 
  custom:audio-decoder-ogg-vorbis: bf7c407c2cedff20999df2af8eb42d56 -> 
  custom:audio-encoder-webm-vorbis: bf7c407c2cedff20999df2af8eb42d56 -> 
========================================================================
Received Import Request.
  Time since last request: 4416.970524 seconds.
  path: Assets/Troll/Animations
  artifactKey: Guid(73074c492793237459ffa6e8093db898) Importer(815301076,1909f56bfc062723c751e8b465ee728b)
Start importing Assets/Troll/Animations using Guid(73074c492793237459ffa6e8093db898) Importer(815301076,1909f56bfc062723c751e8b465ee728b)  -> (artifact id: 'd6ba5646a3c63673a191ded202379137') in 0.110189 seconds 
  Import took 0.149687 seconds .

========================================================================
Received Import Request.
  Time since last request: 0.000317 seconds.
  path: Assets/Troll/Animations/troll@wasted_forward.fbx
  artifactKey: Guid(2906956af5f8ca644946a2039a5db5d7) Importer(815301076,1909f56bfc062723c751e8b465ee728b)
Start importing Assets/Troll/Animations/troll@wasted_forward.fbx using Guid(2906956af5f8ca644946a2039a5db5d7) Importer(815301076,1909f56bfc062723c751e8b465ee728b)  -> (artifact id: '348cb51eaf7b3b038014e460214c30a5') in 1.431356 seconds 
  Import took 1.437686 seconds .

========================================================================
Received Import Request.
  Time since last request: 0.005345 seconds.
  path: Assets/Troll/Animations/troll@idle2.fbx
  artifactKey: Guid(9f451d0216940994eb646f83536758e1) Importer(815301076,1909f56bfc062723c751e8b465ee728b)
Start importing Assets/Troll/Animations/troll@idle2.fbx using Guid(9f451d0216940994eb646f83536758e1) Importer(815301076,1909f56bfc062723c751e8b465ee728b)  -> (artifact id: '90c18da29cf820c415c600af9080038d') in 0.089092 seconds 
  Import took 0.095172 seconds .

========================================================================
Received Import Request.
  Time since last request: 0.000317 seconds.
  path: Assets/Troll/Animations/troll@powerstrike.fbx
  artifactKey: Guid(e5ff39011e21a1046ad710d455a38ce7) Importer(815301076,1909f56bfc062723c751e8b465ee728b)
Start importing Assets/Troll/Animations/troll@powerstrike.fbx using Guid(e5ff39011e21a1046ad710d455a38ce7) Importer(815301076,1909f56bfc062723c751e8b465ee728b)  -> (artifact id: '1c65115d82138df6e418592fe8123cb3') in 0.097461 seconds 
  Import took 0.103644 seconds .

========================================================================
Received Import Request.
  Time since last request: 0.000381 seconds.
  path: Assets/Troll/Animations/troll@dance.fbx
  artifactKey: Guid(f5931059ec181b34d8b1bdf77594459c) Importer(815301076,1909f56bfc062723c751e8b465ee728b)
Start importing Assets/Troll/Animations/troll@dance.fbx using Guid(f5931059ec181b34d8b1bdf77594459c) Importer(815301076,1909f56bfc062723c751e8b465ee728b)  -> (artifact id: '49628edf755e7ea7dd77b45eb914fe57') in 0.095988 seconds 
  Import took 0.101495 seconds .

========================================================================
Received Import Request.
  Time since last request: 0.000331 seconds.
  path: Assets/Troll/Animations/troll@wound1.fbx
  artifactKey: Guid(8e2a320a502a6e94984d31114546cf97) Importer(815301076,1909f56bfc062723c751e8b465ee728b)
Start importing Assets/Troll/Animations/troll@wound1.fbx using Guid(8e2a320a502a6e94984d31114546cf97) Importer(815301076,1909f56bfc062723c751e8b465ee728b)  -> (artifact id: 'a1060efd159a8b4e1fdf675ca6a07aac') in 0.084400 seconds 
  Import took 0.090222 seconds .

========================================================================
Received Import Request.
  Time since last request: 0.000339 seconds.
  path: Assets/Troll/Animations/troll@wound2.fbx
  artifactKey: Guid(6198964530e5e9c4bac47d8e2cdfa8ec) Importer(815301076,1909f56bfc062723c751e8b465ee728b)
Start importing Assets/Troll/Animations/troll@wound2.fbx using Guid(6198964530e5e9c4bac47d8e2cdfa8ec) Importer(815301076,1909f56bfc062723c751e8b465ee728b)  -> (artifact id: '4966ca9352ff48071dfb58e19b2c778d') in 0.087964 seconds 
  Import took 0.093911 seconds .

========================================================================
Received Import Request.
  Time since last request: 0.000467 seconds.
  path: Assets/Troll/Animations/troll@idle.fbx
  artifactKey: Guid(006c6112fbcbd77429627cbb5bfa3804) Importer(815301076,1909f56bfc062723c751e8b465ee728b)
Start importing Assets/Troll/Animations/troll@idle.fbx using Guid(006c6112fbcbd77429627cbb5bfa3804) Importer(815301076,1909f56bfc062723c751e8b465ee728b)  -> (artifact id: 'fb6606e4ff3c71ac4b3bdf2712aebf22') in 0.094872 seconds 
  Import took 0.100680 seconds .

========================================================================
Received Import Request.
  Time since last request: 0.000310 seconds.
  path: Assets/Troll/Animations/troll@strike.fbx
  artifactKey: Guid(c674315764c3d30458455dec56fbcd58) Importer(815301076,1909f56bfc062723c751e8b465ee728b)
Start importing Assets/Troll/Animations/troll@strike.fbx using Guid(c674315764c3d30458455dec56fbcd58) Importer(815301076,1909f56bfc062723c751e8b465ee728b)  -> (artifact id: 'a507bb6a088b6ec001cc8efa01c4d923') in 0.085453 seconds 
  Import took 0.091277 seconds .

========================================================================
Received Import Request.
  Time since last request: 0.000343 seconds.
  path: Assets/Troll/Animations/troll@wasted_backward.fbx
  artifactKey: Guid(8c8cb60f78c7ec04588068f53bdea525) Importer(815301076,1909f56bfc062723c751e8b465ee728b)
Start importing Assets/Troll/Animations/troll@wasted_backward.fbx using Guid(8c8cb60f78c7ec04588068f53bdea525) Importer(815301076,1909f56bfc062723c751e8b465ee728b)  -> (artifact id: 'd1c16418280c747c603f72b447c16ce2') in 0.103701 seconds 
  Import took 0.109203 seconds .

========================================================================
Received Import Request.
  Time since last request: 0.000310 seconds.
  path: Assets/Troll/Animations/troll@jump.fbx
  artifactKey: Guid(2a4b26f012a7f2441be71c9e53da66a3) Importer(815301076,1909f56bfc062723c751e8b465ee728b)
Start importing Assets/Troll/Animations/troll@jump.fbx using Guid(2a4b26f012a7f2441be71c9e53da66a3) Importer(815301076,1909f56bfc062723c751e8b465ee728b)  -> (artifact id: '4c235b971a6f15e4d8ecfd6bc9ae73ad') in 0.103059 seconds 
  Import took 0.108440 seconds .

========================================================================
Received Import Request.
  Time since last request: 0.000326 seconds.
  path: Assets/Troll/Animations/troll@move.fbx
  artifactKey: Guid(4ca4614c4d49b354e81bfe8f5da57886) Importer(815301076,1909f56bfc062723c751e8b465ee728b)
Start importing Assets/Troll/Animations/troll@move.fbx using Guid(4ca4614c4d49b354e81bfe8f5da57886) Importer(815301076,1909f56bfc062723c751e8b465ee728b)  -> (artifact id: '4ee0b28978e097e791105afe9dfcb8b6') in 0.103965 seconds 
  Import took 0.109879 seconds .

========================================================================
Received Import Request.
  Time since last request: 12.134798 seconds.
  path: Packages/com.unity.ml-agents/package.json
  artifactKey: Guid(e13b73fbfc8e74e4d87af46bf55d7df6) Importer(815301076,1909f56bfc062723c751e8b465ee728b)
Start importing Packages/com.unity.ml-agents/package.json using Guid(e13b73fbfc8e74e4d87af46bf55d7df6) Importer(815301076,1909f56bfc062723c751e8b465ee728b)  -> (artifact id: '00000000000000000000000000000000') in 3.045451 seconds  code(4) message(Build asset version error: packages/com.unity.ml-agents/package.json in SourceAssetDB has modification time of '2021-06-09T21:59:11Z' while content on disk has modification time of '0001-01-01T00:00:00Z')
  ERROR: Build asset version error: packages/com.unity.ml-agents/package.json in SourceAssetDB has modification time of '2021-06-09T21:59:11Z' while content on disk has modification time of '0001-01-01T00:00:00Z'
  Import took 3.051328 seconds .

========================================================================
Received Import Request.
  Time since last request: 81.019315 seconds.
  path: Assets/ML-Agents/Examples/GridFoodCollector.onnx
  artifactKey: Guid(49be8866460a44d34b25fe7a67208eaa) Importer(815301076,1909f56bfc062723c751e8b465ee728b)
Start importing Assets/ML-Agents/Examples/GridFoodCollector.onnx using Guid(49be8866460a44d34b25fe7a67208eaa) Importer(815301076,1909f56bfc062723c751e8b465ee728b) NullReferenceException
  at (wrapper managed-to-native) UnityEditor.EditorUtility.CopySerialized(UnityEngine.Object,UnityEngine.Object)
  at Unity.Barracuda.NNModelEditor.RenderStaticPreview (System.String assetPath, UnityEngine.Object[] subAssets, System.Int32 width, System.Int32 height) [0x00009] in /Users/sebastienjacquemart/My project (1)/Library/PackageCache/com.unity.barracuda@1.0.4/Barracuda/Editor/ONNXModelImporterEditor.cs:85 
  at UnityEditor.AssetPreviewUpdater.CreatePreviewForAsset (UnityEngine.Object obj, UnityEngine.Object[] subAssets, System.String assetPath) [0x0008a] in /Users/bokken/buildslave/unity/build/Editor/Mono/AssetPreviewUpdater.cs:33 

 -> (artifact id: '22b36e5c0996607526e50ff6cc6208cb') in 0.278283 seconds 
  Import took 0.287842 seconds .

========================================================================
Received Import Request.
  Time since last request: 4.300227 seconds.
  path: Assets/ML-Agents/Editor/DisableBurstFromMenu.cs
  artifactKey: Guid(17c1cb2556fa64702acde6d37c5f21d2) Importer(815301076,1909f56bfc062723c751e8b465ee728b)
Start importing Assets/ML-Agents/Editor/DisableBurstFromMenu.cs using Guid(17c1cb2556fa64702acde6d37c5f21d2) Importer(815301076,1909f56bfc062723c751e8b465ee728b)  -> (artifact id: 'c46c98e95389bffbba583d19459267be') in 0.014656 seconds 
  Import took 0.025136 seconds .

========================================================================
Received Import Request.
  Time since last request: 8.592010 seconds.
  path: Assets/ML-Agents/Editor/Tests
  artifactKey: Guid(5c324397e98ed45d28d29fd1056c6df0) Importer(815301076,1909f56bfc062723c751e8b465ee728b)
Start importing Assets/ML-Agents/Editor/Tests using Guid(5c324397e98ed45d28d29fd1056c6df0) Importer(815301076,1909f56bfc062723c751e8b465ee728b)  -> (artifact id: '8848b2b80e740b00d49886233a547164') in 0.002265 seconds 
  Import took 0.008696 seconds .

========================================================================
Received Import Request.
  Time since last request: 1.175488 seconds.
  path: Assets/ML-Agents/Editor/Tests/SampleExporter.cs
  artifactKey: Guid(914d5be190bb435eb11383db3aaf70eb) Importer(815301076,1909f56bfc062723c751e8b465ee728b)
Start importing Assets/ML-Agents/Editor/Tests/SampleExporter.cs using Guid(914d5be190bb435eb11383db3aaf70eb) Importer(815301076,1909f56bfc062723c751e8b465ee728b)  -> (artifact id: '8982f11ac70287b0e2998bf70a6e25d6') in 0.004598 seconds 
  Import took 0.010646 seconds .

========================================================================
Received Import Request.
  Time since last request: 11.048326 seconds.
  path: Assets/ML-Agents/Examples/3DBall
  artifactKey: Guid(f8097eaa1623c4a8ab4eff559e20fedb) Importer(815301076,1909f56bfc062723c751e8b465ee728b)
Start importing Assets/ML-Agents/Examples/3DBall using Guid(f8097eaa1623c4a8ab4eff559e20fedb) Importer(815301076,1909f56bfc062723c751e8b465ee728b)  -> (artifact id: '8dafda3744717a2056d19767d198e0d8') in 0.002240 seconds 
  Import took 0.009154 seconds .

========================================================================
Received Import Request.
  Time since last request: 2.146417 seconds.
  path: Assets/ML-Agents/Examples/3DBall/mlagents-sample.json
  artifactKey: Guid(6b6f1c189dc84df391d1c3ccb13a54f7) Importer(815301076,1909f56bfc062723c751e8b465ee728b)
Start importing Assets/ML-Agents/Examples/3DBall/mlagents-sample.json using Guid(6b6f1c189dc84df391d1c3ccb13a54f7) Importer(815301076,1909f56bfc062723c751e8b465ee728b)  -> (artifact id: '7ed5bfbff97daf9db32fc0a17e6dd7c2') in 0.015669 seconds 
  Import took 0.028493 seconds .

========================================================================
Received Import Request.
  Time since last request: 2.313796 seconds.
  path: Assets/ML-Agents/Examples/3DBall/Scenes
  artifactKey: Guid(f4933f3f3e4b741de85835dd811541ff) Importer(815301076,1909f56bfc062723c751e8b465ee728b)
Start importing Assets/ML-Agents/Examples/3DBall/Scenes using Guid(f4933f3f3e4b741de85835dd811541ff) Importer(815301076,1909f56bfc062723c751e8b465ee728b)  -> (artifact id: 'f82150d4bf7b4b4733ec6da97f998610') in 0.001798 seconds 
  Import took 0.013531 seconds .

========================================================================
Received Import Request.
  Time since last request: 0.566337 seconds.
  path: Assets/ML-Agents/Examples/3DBall/Scripts
  artifactKey: Guid(1aca8883d579a491ca2a55ea7a8127c3) Importer(815301076,1909f56bfc062723c751e8b465ee728b)
Start importing Assets/ML-Agents/Examples/3DBall/Scripts using Guid(1aca8883d579a491ca2a55ea7a8127c3) Importer(815301076,1909f56bfc062723c751e8b465ee728b)  -> (artifact id: '88cb3a1a003c968933f0330f03e5088c') in 0.003642 seconds 
  Import took 0.016188 seconds .

========================================================================
Received Import Request.
  Time since last request: 0.965552 seconds.
  path: Assets/ML-Agents/Examples/3DBall/Scripts/Ball3DAgent.cs
  artifactKey: Guid(aaba48bf82bee4751aa7b89569e57f73) Importer(815301076,1909f56bfc062723c751e8b465ee728b)
Start importing Assets/ML-Agents/Examples/3DBall/Scripts/Ball3DAgent.cs using Guid(aaba48bf82bee4751aa7b89569e57f73) Importer(815301076,1909f56bfc062723c751e8b465ee728b)  -> (artifact id: 'b75eae7232aade5eeaa44bcb32187613') in 0.004573 seconds 
  Import took 0.012747 seconds .

========================================================================
Received Import Request.
  Time since last request: 35.717237 seconds.
  path: Assets/ML-Agents/Examples/3DBall/Prefabs/3DBall.prefab
  artifactKey: Guid(cfa81c019162c4e3caf6e2999c6fdf48) Importer(815301076,1909f56bfc062723c751e8b465ee728b)
Start importing Assets/ML-Agents/Examples/3DBall/Prefabs/3DBall.prefab using Guid(cfa81c019162c4e3caf6e2999c6fdf48) Importer(815301076,1909f56bfc062723c751e8b465ee728b)  -> (artifact id: 'bcfb19ccc5a547ab390b15cc2263f3e1') in 0.937256 seconds 
  Import took 0.943471 seconds .

========================================================================
Received Import Request.
  Time since last request: 0.003891 seconds.
  path: Assets/ML-Agents/Examples/3DBall/Prefabs/Visual3DBall.prefab
  artifactKey: Guid(ec49a7b8b70a24ab48d7ca0bf5a063a6) Importer(815301076,1909f56bfc062723c751e8b465ee728b)
Start importing Assets/ML-Agents/Examples/3DBall/Prefabs/Visual3DBall.prefab using Guid(ec49a7b8b70a24ab48d7ca0bf5a063a6) Importer(815301076,1909f56bfc062723c751e8b465ee728b)  -> (artifact id: '1164bf17e74f27ccf7bc09220c17fcfe') in 0.047842 seconds 
  Import took 0.054138 seconds .

========================================================================
Received Import Request.
  Time since last request: 0.000329 seconds.
  path: Assets/ML-Agents/Examples/3DBall/Prefabs/3DBallHard.prefab
  artifactKey: Guid(0d8ebd51939eb45c88531e9d444bca28) Importer(815301076,1909f56bfc062723c751e8b465ee728b)
Start importing Assets/ML-Agents/Examples/3DBall/Prefabs/3DBallHard.prefab using Guid(0d8ebd51939eb45c88531e9d444bca28) Importer(815301076,1909f56bfc062723c751e8b465ee728b)  -> (artifact id: 'a5ac0298cc82012dcc36cab7f08c7cf4') in 0.028996 seconds 
  Import took 0.035368 seconds .

========================================================================
Received Import Request.
  Time since last request: 0.359364 seconds.
  path: Assets/ML-Agents/Examples/3DBall/Demos/Expert3DBall.demo
  artifactKey: Guid(bbf6756da134740eaa002a1b84f655cb) Importer(815301076,1909f56bfc062723c751e8b465ee728b)
Start importing Assets/ML-Agents/Examples/3DBall/Demos/Expert3DBall.demo using Guid(bbf6756da134740eaa002a1b84f655cb) Importer(815301076,1909f56bfc062723c751e8b465ee728b)  -> (artifact id: '4bd8a1cc0359bda88fb12855b3b66321') in 0.178014 seconds 
  Import took 0.184897 seconds .

========================================================================
Received Import Request.
  Time since last request: 0.002602 seconds.
  path: Assets/ML-Agents/Examples/3DBall/Demos/Expert3DBallHard.demo
  artifactKey: Guid(6942431e411b146be9a597663eca89af) Importer(815301076,1909f56bfc062723c751e8b465ee728b)
Start importing Assets/ML-Agents/Examples/3DBall/Demos/Expert3DBallHard.demo using Guid(6942431e411b146be9a597663eca89af) Importer(815301076,1909f56bfc062723c751e8b465ee728b)  -> (artifact id: '24805d7538f53ac6937d230f2078b60f') in 0.013978 seconds 
  Import took 0.027922 seconds .

========================================================================
Received Import Request.
  Time since last request: 1.859112 seconds.
  path: Assets/ML-Agents/Examples/3DBall/TFModels/3DBall.nn
  artifactKey: Guid(20a7b83be6b0c493d9271c65c897eb9b) Importer(815301076,1909f56bfc062723c751e8b465ee728b)
Start importing Assets/ML-Agents/Examples/3DBall/TFModels/3DBall.nn using Guid(20a7b83be6b0c493d9271c65c897eb9b) Importer(815301076,1909f56bfc062723c751e8b465ee728b) NullReferenceException
  at (wrapper managed-to-native) UnityEditor.EditorUtility.CopySerialized(UnityEngine.Object,UnityEngine.Object)
  at Unity.Barracuda.NNModelEditor.RenderStaticPreview (System.String assetPath, UnityEngine.Object[] subAssets, System.Int32 width, System.Int32 height) [0x00009] in /Users/sebastienjacquemart/My project (1)/Library/PackageCache/com.unity.barracuda@1.0.4/Barracuda/Editor/ONNXModelImporterEditor.cs:85 
  at UnityEditor.AssetPreviewUpdater.CreatePreviewForAsset (UnityEngine.Object obj, UnityEngine.Object[] subAssets, System.String assetPath) [0x0008a] in /Users/bokken/buildslave/unity/build/Editor/Mono/AssetPreviewUpdater.cs:33 

 -> (artifact id: '57d478ed2c02dd4e0ec9385317afe427') in 0.185869 seconds 
  Import took 0.191738 seconds .

========================================================================
Received Import Request.
  Time since last request: 0.002766 seconds.
  path: Assets/ML-Agents/Examples/3DBall/TFModels/3DBallHard.onnx
  artifactKey: Guid(d179c44c147aa4ffbbb725f009eca3b8) Importer(815301076,1909f56bfc062723c751e8b465ee728b)
Start importing Assets/ML-Agents/Examples/3DBall/TFModels/3DBallHard.onnx using Guid(d179c44c147aa4ffbbb725f009eca3b8) Importer(815301076,1909f56bfc062723c751e8b465ee728b) NullReferenceException
  at (wrapper managed-to-native) UnityEditor.EditorUtility.CopySerialized(UnityEngine.Object,UnityEngine.Object)
  at Unity.Barracuda.NNModelEditor.RenderStaticPreview (System.String assetPath, UnityEngine.Object[] subAssets, System.Int32 width, System.Int32 height) [0x00009] in /Users/sebastienjacquemart/My project (1)/Library/PackageCache/com.unity.barracuda@1.0.4/Barracuda/Editor/ONNXModelImporterEditor.cs:85 
  at UnityEditor.AssetPreviewUpdater.CreatePreviewForAsset (UnityEngine.Object obj, UnityEngine.Object[] subAssets, System.String assetPath) [0x0008a] in /Users/bokken/buildslave/unity/build/Editor/Mono/AssetPreviewUpdater.cs:33 

 -> (artifact id: 'c13e28b019200eed7dff39bd195063ea') in 0.039395 seconds 
  Import took 0.047862 seconds .

========================================================================
Received Import Request.
  Time since last request: 0.000625 seconds.
  path: Assets/ML-Agents/Examples/3DBall/TFModels/Visual3DBall.nn
  artifactKey: Guid(8eb5fecdbd2eb4ec48236d3fee1e1149) Importer(815301076,1909f56bfc062723c751e8b465ee728b)
Start importing Assets/ML-Agents/Examples/3DBall/TFModels/Visual3DBall.nn using Guid(8eb5fecdbd2eb4ec48236d3fee1e1149) Importer(815301076,1909f56bfc062723c751e8b465ee728b) NullReferenceException
  at (wrapper managed-to-native) UnityEditor.EditorUtility.CopySerialized(UnityEngine.Object,UnityEngine.Object)
  at Unity.Barracuda.NNModelEditor.RenderStaticPreview (System.String assetPath, UnityEngine.Object[] subAssets, System.Int32 width, System.Int32 height) [0x00009] in /Users/sebastienjacquemart/My project (1)/Library/PackageCache/com.unity.barracuda@1.0.4/Barracuda/Editor/ONNXModelImporterEditor.cs:85 
  at UnityEditor.AssetPreviewUpdater.CreatePreviewForAsset (UnityEngine.Object obj, UnityEngine.Object[] subAssets, System.String assetPath) [0x0008a] in /Users/bokken/buildslave/unity/build/Editor/Mono/AssetPreviewUpdater.cs:33 

 -> (artifact id: '86d74153c4325bded97f6f07d7867850') in 0.022113 seconds 
  Import took 0.029979 seconds .

========================================================================
Received Import Request.
  Time since last request: 26.059250 seconds.
  path: Packages/com.unity.ml-agents/package.json
  artifactKey: Guid(e13b73fbfc8e74e4d87af46bf55d7df6) Importer(815301076,1909f56bfc062723c751e8b465ee728b)
Start importing Packages/com.unity.ml-agents/package.json using Guid(e13b73fbfc8e74e4d87af46bf55d7df6) Importer(815301076,1909f56bfc062723c751e8b465ee728b)  -> (artifact id: '00000000000000000000000000000000') in 0.002348 seconds  code(4) message(Build asset version error: packages/com.unity.ml-agents/package.json in SourceAssetDB has modification time of '2021-06-09T21:59:11Z' while content on disk has modification time of '0001-01-01T00:00:00Z')
  ERROR: Build asset version error: packages/com.unity.ml-agents/package.json in SourceAssetDB has modification time of '2021-06-09T21:59:11Z' while content on disk has modification time of '0001-01-01T00:00:00Z'
  Import took 0.008735 seconds .

========================================================================
Received Import Request.
  Time since last request: 291.623970 seconds.
  path: Packages/com.unity.ml-agents/Editor/Icons/DemoIcon.png
  artifactKey: Guid(3352a0e8d253b4a4ea3782a6d7e09d9b) Importer(815301076,1909f56bfc062723c751e8b465ee728b)
Start importing Packages/com.unity.ml-agents/Editor/Icons/DemoIcon.png using Guid(3352a0e8d253b4a4ea3782a6d7e09d9b) Importer(815301076,1909f56bfc062723c751e8b465ee728b)  -> (artifact id: '00000000000000000000000000000000') in 1.102197 seconds  code(4) message(Build asset version error: packages/com.unity.ml-agents/editor/icons/demoicon.png in SourceAssetDB has modification time of '2021-06-09T21:59:11Z' while content on disk has modification time of '0001-01-01T00:00:00Z')
  ERROR: Build asset version error: packages/com.unity.ml-agents/editor/icons/demoicon.png in SourceAssetDB has modification time of '2021-06-09T21:59:11Z' while content on disk has modification time of '0001-01-01T00:00:00Z'
  Import took 1.108725 seconds .

========================================================================
Received Import Request.
  Time since last request: 0.411814 seconds.
  path: Packages/com.unity.ml-agents/Runtime/Unity.ML-Agents.asmdef
  artifactKey: Guid(85e0054f8e64b47309646d35f8851f81) Importer(815301076,1909f56bfc062723c751e8b465ee728b)
Start importing Packages/com.unity.ml-agents/Runtime/Unity.ML-Agents.asmdef using Guid(85e0054f8e64b47309646d35f8851f81) Importer(815301076,1909f56bfc062723c751e8b465ee728b)  -> (artifact id: '00000000000000000000000000000000') in 0.013206 seconds  code(4) message(Build asset version error: packages/com.unity.ml-agents/runtime/unity.ml-agents.asmdef in SourceAssetDB has modification time of '2021-06-09T21:59:11Z' while content on disk has modification time of '0001-01-01T00:00:00Z')
  ERROR: Build asset version error: packages/com.unity.ml-agents/runtime/unity.ml-agents.asmdef in SourceAssetDB has modification time of '2021-06-09T21:59:11Z' while content on disk has modification time of '0001-01-01T00:00:00Z'
  Import took 0.018795 seconds .

========================================================================
Received Import Request.
  Time since last request: 2.747775 seconds.
  path: Packages/com.unity.nuget.newtonsoft-json/package.json
  artifactKey: Guid(f8d4e5c2f2df25449ae8c391afbe5114) Importer(815301076,1909f56bfc062723c751e8b465ee728b)
Start importing Packages/com.unity.nuget.newtonsoft-json/package.json using Guid(f8d4e5c2f2df25449ae8c391afbe5114) Importer(815301076,1909f56bfc062723c751e8b465ee728b)  -> (artifact id: '3887d1616531507fa9c4f23ac1ba7ce0') in 0.009280 seconds 
  Import took 0.019406 seconds .

========================================================================
Received Import Request.
  Time since last request: 2.440566 seconds.
  path: Assets/Karting/Prefabs/UI/AdditionalInGameData.prefab
  artifactKey: Guid(513c85d68668a0e439b3f20de6da70e4) Importer(815301076,1909f56bfc062723c751e8b465ee728b)
Start importing Assets/Karting/Prefabs/UI/AdditionalInGameData.prefab using Guid(513c85d68668a0e439b3f20de6da70e4) Importer(815301076,1909f56bfc062723c751e8b465ee728b)  -> (artifact id: '6899e8f0a0ac2e1d27d2b8d394cab3d0') in 0.064709 seconds 
  Import took 0.070476 seconds .

========================================================================
Received Import Request.
  Time since last request: 0.000300 seconds.
  path: Assets/Karting/Prefabs/Environment/BuildingTall.prefab
  artifactKey: Guid(041b3704a3df0fd4a8e325e3044c3b5e) Importer(815301076,1909f56bfc062723c751e8b465ee728b)
Start importing Assets/Karting/Prefabs/Environment/BuildingTall.prefab using Guid(041b3704a3df0fd4a8e325e3044c3b5e) Importer(815301076,1909f56bfc062723c751e8b465ee728b)  -> (artifact id: 'ea1cf73c18de51ecfa6d24dd472bf77e') in 0.039993 seconds 
  Import took 0.049659 seconds .

========================================================================
Received Import Request.
  Time since last request: 0.000389 seconds.
  path: Assets/ML-Agents/Examples/Pyramids/Prefabs/BrickPyramid.prefab
  artifactKey: Guid(8be2b3870e2cd4ad8bbf080059b2a132) Importer(815301076,1909f56bfc062723c751e8b465ee728b)
Start importing Assets/ML-Agents/Examples/Pyramids/Prefabs/BrickPyramid.prefab using Guid(8be2b3870e2cd4ad8bbf080059b2a132) Importer(815301076,1909f56bfc062723c751e8b465ee728b)  -> (artifact id: '5ace93e6b9f922805fa4e99662660c4e') in 0.290280 seconds 
  Import took 0.297095 seconds .

========================================================================
Received Import Request.
  Time since last request: 0.000267 seconds.
  path: Assets/Karting/Prefabs/Environment/Building01WallPlain.prefab
  artifactKey: Guid(f07bce605608dc6459230649729bfc26) Importer(815301076,1909f56bfc062723c751e8b465ee728b)
Start importing Assets/Karting/Prefabs/Environment/Building01WallPlain.prefab using Guid(f07bce605608dc6459230649729bfc26) Importer(815301076,1909f56bfc062723c751e8b465ee728b)  -> (artifact id: 'dd28a98e13cc09014e587d63be006da7') in 0.028673 seconds 
  Import took 0.033895 seconds .

========================================================================
Received Import Request.
  Time since last request: 0.000357 seconds.
  path: Assets/ML-Agents/Examples/SharedAssets/Prefabs/AgentCubeBeveled_Blue.prefab
  artifactKey: Guid(ed50871dc03034e4bb0fc839e3c5e383) Importer(815301076,1909f56bfc062723c751e8b465ee728b)
Start importing Assets/ML-Agents/Examples/SharedAssets/Prefabs/AgentCubeBeveled_Blue.prefab using Guid(ed50871dc03034e4bb0fc839e3c5e383) Importer(815301076,1909f56bfc062723c751e8b465ee728b)  -> (artifact id: 'a41bb1f33998cebff30968c0eb3f013d') in 0.023206 seconds 
  Import took 0.030478 seconds .

========================================================================
Received Import Request.
  Time since last request: 0.000280 seconds.
  path: Assets/Karting/Prefabs/Environment/Building01CornerPlain.prefab
  artifactKey: Guid(923761a646988454ba4628782e4e8ccf) Importer(815301076,1909f56bfc062723c751e8b465ee728b)
Start importing Assets/Karting/Prefabs/Environment/Building01CornerPlain.prefab using Guid(923761a646988454ba4628782e4e8ccf) Importer(815301076,1909f56bfc062723c751e8b465ee728b)  -> (artifact id: 'e358fa634b64c177c913cd3d1dbe2e5d') in 0.034895 seconds 
  Import took 0.042050 seconds .

========================================================================
Received Import Request.
  Time since last request: 0.000313 seconds.
  path: Assets/ML-Agents/Examples/SharedAssets/Prefabs/AgentCube_Blue.prefab
  artifactKey: Guid(70d695e1d8399400bb0f2873bdf29bb0) Importer(815301076,1909f56bfc062723c751e8b465ee728b)
Start importing Assets/ML-Agents/Examples/SharedAssets/Prefabs/AgentCube_Blue.prefab using Guid(70d695e1d8399400bb0f2873bdf29bb0) Importer(815301076,1909f56bfc062723c751e8b465ee728b)  -> (artifact id: 'ada38ae57cbbfd60fad25db5baa17db8') in 0.035613 seconds 
  Import took 0.041793 seconds .

========================================================================
Received Import Request.
  Time since last request: 0.000280 seconds.
  path: Assets/ML-Agents/Examples/SharedAssets/Prefabs/AgentCube_Purple.prefab
  artifactKey: Guid(f203a22ac5f5e484386222536623c6ab) Importer(815301076,1909f56bfc062723c751e8b465ee728b)
Start importing Assets/ML-Agents/Examples/SharedAssets/Prefabs/AgentCube_Purple.prefab using Guid(f203a22ac5f5e484386222536623c6ab) Importer(815301076,1909f56bfc062723c751e8b465ee728b)  -> (artifact id: 'bdc88048d15fbf06cb274db7591f7543') in 0.026289 seconds 
  Import took 0.033619 seconds .

========================================================================
Received Import Request.
  Time since last request: 0.000382 seconds.
  path: Assets/Mod Assets/Kart/Bounce Effect Prefabs/BouncyGlowy.prefab
  artifactKey: Guid(05b85e11e59634a069efe1d16952f2f7) Importer(815301076,1909f56bfc062723c751e8b465ee728b)
Start importing Assets/Mod Assets/Kart/Bounce Effect Prefabs/BouncyGlowy.prefab using Guid(05b85e11e59634a069efe1d16952f2f7) Importer(815301076,1909f56bfc062723c751e8b465ee728b)  -> (artifact id: '573293a6bfe0a51eb7dbdd3f23db10ef') in 0.118336 seconds 
  Import took 0.125492 seconds .

========================================================================
Received Import Request.
  Time since last request: 0.000252 seconds.
  path: Assets/Karting/Prefabs/Environment/Building02WallBricks.prefab
  artifactKey: Guid(3beaf9cd12e8c0a4d921aa0bb65380c5) Importer(815301076,1909f56bfc062723c751e8b465ee728b)
Start importing Assets/Karting/Prefabs/Environment/Building02WallBricks.prefab using Guid(3beaf9cd12e8c0a4d921aa0bb65380c5) Importer(815301076,1909f56bfc062723c751e8b465ee728b)  -> (artifact id: 'e5a170551d8307f4c5e1fbae7415f24d') in 0.029410 seconds 
  Import took 0.035165 seconds .

========================================================================
Received Import Request.
  Time since last request: 0.000299 seconds.
  path: Assets/Karting/Prefabs/Environment/Building04CornerBarWindow.prefab
  artifactKey: Guid(3f594d06d830e14489ebc7742a970154) Importer(815301076,1909f56bfc062723c751e8b465ee728b)
Start importing Assets/Karting/Prefabs/Environment/Building04CornerBarWindow.prefab using Guid(3f594d06d830e14489ebc7742a970154) Importer(815301076,1909f56bfc062723c751e8b465ee728b)  -> (artifact id: 'c1563205c427e19bb17180a1b04c3e69') in 0.024270 seconds 
  Import took 0.032474 seconds .

========================================================================
Received Import Request.
  Time since last request: 0.000309 seconds.
  path: Assets/ML-Agents/Examples/GridWorld/Prefabs/Area.prefab
  artifactKey: Guid(5c2bd19e4bbda4991b74387ca5d28156) Importer(815301076,1909f56bfc062723c751e8b465ee728b)
Start importing Assets/ML-Agents/Examples/GridWorld/Prefabs/Area.prefab using Guid(5c2bd19e4bbda4991b74387ca5d28156) Importer(815301076,1909f56bfc062723c751e8b465ee728b)  -> (artifact id: '405a7d929af6fb9092c246fc8be257fe') in 0.424007 seconds 
  Import took 0.432014 seconds .

========================================================================
Received Import Request.
  Time since last request: 0.000340 seconds.
  path: Assets/Karting/Prefabs/Environment/BuildingShort.prefab
  artifactKey: Guid(45c52fcc7429b214c8f9a6d85321ba77) Importer(815301076,1909f56bfc062723c751e8b465ee728b)
Start importing Assets/Karting/Prefabs/Environment/BuildingShort.prefab using Guid(45c52fcc7429b214c8f9a6d85321ba77) Importer(815301076,1909f56bfc062723c751e8b465ee728b)  -> (artifact id: '403994b27d7f68af9196794bd6889c28') in 0.028497 seconds 
  Import took 0.033874 seconds .

========================================================================
Received Import Request.
  Time since last request: 0.000427 seconds.
  path: Assets/ML-Agents/Examples/Basic/Prefabs/Basic.prefab
  artifactKey: Guid(c5eb289873aca4f5a8cc59c7464ab7c1) Importer(815301076,1909f56bfc062723c751e8b465ee728b)
Start importing Assets/ML-Agents/Examples/Basic/Prefabs/Basic.prefab using Guid(c5eb289873aca4f5a8cc59c7464ab7c1) Importer(815301076,1909f56bfc062723c751e8b465ee728b)  -> (artifact id: 'b02626ba281ef333e2a624c62f964c44') in 0.047385 seconds 
  Import took 0.054692 seconds .

========================================================================
Received Import Request.
  Time since last request: 0.000278 seconds.
  path: Assets/Karting/Prefabs/Environment/Building02CornerBricks.prefab
  artifactKey: Guid(bd77db49972d95a4e9b24a8a7ed148f8) Importer(815301076,1909f56bfc062723c751e8b465ee728b)
Start importing Assets/Karting/Prefabs/Environment/Building02CornerBricks.prefab using Guid(bd77db49972d95a4e9b24a8a7ed148f8) Importer(815301076,1909f56bfc062723c751e8b465ee728b)  -> (artifact id: '408abae03a2caa344d89a542b8a09822') in 0.035088 seconds 
  Import took 0.041709 seconds .

========================================================================
Received Import Request.
  Time since last request: 0.000400 seconds.
  path: Assets/Mod Assets/3DProps/BillboardPrefabs/BillboardBasic.prefab
  artifactKey: Guid(441945e8a4aa644b3ac6600c6712f79c) Importer(815301076,1909f56bfc062723c751e8b465ee728b)
Start importing Assets/Mod Assets/3DProps/BillboardPrefabs/BillboardBasic.prefab using Guid(441945e8a4aa644b3ac6600c6712f79c) Importer(815301076,1909f56bfc062723c751e8b465ee728b)  -> (artifact id: '50253dab9dc2476bb49e04666d7001b7') in 0.027622 seconds 
  Import took 0.035015 seconds .

========================================================================
Received Import Request.
  Time since last request: 0.000350 seconds.
  path: Assets/Karting/Prefabs/Environment/Building03CornerWideWindow.prefab
  artifactKey: Guid(cf5ab07c03b83524e836d5c8b148ff85) Importer(815301076,1909f56bfc062723c751e8b465ee728b)
Start importing Assets/Karting/Prefabs/Environment/Building03CornerWideWindow.prefab using Guid(cf5ab07c03b83524e836d5c8b148ff85) Importer(815301076,1909f56bfc062723c751e8b465ee728b)  -> (artifact id: '592eb0fdf3a36ef4bc76905da6eb4a1a') in 0.032727 seconds 
  Import took 0.039786 seconds .

========================================================================
Received Import Request.
  Time since last request: 0.000423 seconds.
  path: Assets/Karting/Prefabs/Environment/BuildingThin.prefab
  artifactKey: Guid(6e78c73d0c22422438a45bea2842fcfb) Importer(815301076,1909f56bfc062723c751e8b465ee728b)
Start importing Assets/Karting/Prefabs/Environment/BuildingThin.prefab using Guid(6e78c73d0c22422438a45bea2842fcfb) Importer(815301076,1909f56bfc062723c751e8b465ee728b)  -> (artifact id: 'c2c581f3310d2de26fa7d2665170c9c1') in 0.031021 seconds 
  Import took 0.037981 seconds .

========================================================================
Received Import Request.
  Time since last request: 0.000426 seconds.
  path: Assets/ML-Agents/Examples/Sorter/Prefabs/Area.prefab
  artifactKey: Guid(1cf3ef0a332884c299335f3fbe8a21fc) Importer(815301076,1909f56bfc062723c751e8b465ee728b)
Start importing Assets/ML-Agents/Examples/Sorter/Prefabs/Area.prefab using Guid(1cf3ef0a332884c299335f3fbe8a21fc) Importer(815301076,1909f56bfc062723c751e8b465ee728b)  -> (artifact id: '40734019facb401cb5d4334dc96f061f') in 0.050265 seconds 
  Import took 0.057667 seconds .

========================================================================
Received Import Request.
  Time since last request: 0.000311 seconds.
  path: Assets/Karting/Prefabs/Environment/Building04WallBarWindow.prefab
  artifactKey: Guid(794d7887e37d36c4d9b21be9f21c9738) Importer(815301076,1909f56bfc062723c751e8b465ee728b)
Start importing Assets/Karting/Prefabs/Environment/Building04WallBarWindow.prefab using Guid(794d7887e37d36c4d9b21be9f21c9738) Importer(815301076,1909f56bfc062723c751e8b465ee728b)  -> (artifact id: 'ee659a955fda94c7553264b2bbcdfe32') in 0.028438 seconds 
  Import took 0.034829 seconds .

========================================================================
Received Import Request.
  Time since last request: 0.000283 seconds.
  path: Assets/Karting/Prefabs/Environment/BuildingShortVariant.prefab
  artifactKey: Guid(5a26b42ae21484a788ef46734433befa) Importer(815301076,1909f56bfc062723c751e8b465ee728b)
Start importing Assets/Karting/Prefabs/Environment/BuildingShortVariant.prefab using Guid(5a26b42ae21484a788ef46734433befa) Importer(815301076,1909f56bfc062723c751e8b465ee728b)  -> (artifact id: '43c53f123e01acf877b54ed356f3a7e1') in 0.028934 seconds 
  Import took 0.037048 seconds .

========================================================================
Received Import Request.
  Time since last request: 0.000452 seconds.
  path: Assets/Karting/Prefabs/Environment/Building01WallDoor.prefab
  artifactKey: Guid(5253c1ae2034fdd41aba64cc0e4e9ee8) Importer(815301076,1909f56bfc062723c751e8b465ee728b)
Start importing Assets/Karting/Prefabs/Environment/Building01WallDoor.prefab using Guid(5253c1ae2034fdd41aba64cc0e4e9ee8) Importer(815301076,1909f56bfc062723c751e8b465ee728b)  -> (artifact id: '049305b2dbbd2a9fbbdcc51fe5e25f4b') in 0.021010 seconds 
  Import took 0.027178 seconds .

========================================================================
Received Import Request.
  Time since last request: 0.000270 seconds.
  path: Assets/ML-Agents/Examples/FoodCollector/Prefabs/BadFood.prefab
  artifactKey: Guid(350871b865967466daa1f596193cc22e) Importer(815301076,1909f56bfc062723c751e8b465ee728b)
Start importing Assets/ML-Agents/Examples/FoodCollector/Prefabs/BadFood.prefab using Guid(350871b865967466daa1f596193cc22e) Importer(815301076,1909f56bfc062723c751e8b465ee728b)  -> (artifact id: '9f9449491cbad48b1b8c4d9e9009f742') in 0.023211 seconds 
  Import took 0.029768 seconds .

========================================================================
Received Import Request.
  Time since last request: 0.000400 seconds.
  path: Assets/Karting/Prefabs/Setup/ArcadeEngineAudio.prefab
  artifactKey: Guid(129aa9342650245cbadf61f8391f3878) Importer(815301076,1909f56bfc062723c751e8b465ee728b)
Start importing Assets/Karting/Prefabs/Setup/ArcadeEngineAudio.prefab using Guid(129aa9342650245cbadf61f8391f3878) Importer(815301076,1909f56bfc062723c751e8b465ee728b)  -> (artifact id: 'c47c42a0840c9d3d5fa6f88575768c4f') in 0.011572 seconds 
  Import took 0.018667 seconds .

========================================================================
Received Import Request.
  Time since last request: 0.000511 seconds.
  path: Assets/ML-Agents/Examples/SharedAssets/Prefabs/AgentCubeWithCamera_Blue.prefab
  artifactKey: Guid(a60300fb512c946049325c74b6bf6089) Importer(815301076,1909f56bfc062723c751e8b465ee728b)
Start importing Assets/ML-Agents/Examples/SharedAssets/Prefabs/AgentCubeWithCamera_Blue.prefab using Guid(a60300fb512c946049325c74b6bf6089) Importer(815301076,1909f56bfc062723c751e8b465ee728b)  -> (artifact id: '5ecbef9557b21f3c5452707902718c21') in 0.020165 seconds 
  Import took 0.028539 seconds .

========================================================================
Received Import Request.
  Time since last request: 0.000592 seconds.
  path: Assets/ML-Agents/Examples/SharedAssets/Prefabs/AgentCubeWithCamera_Purple.prefab
  artifactKey: Guid(b3f44c5319ba14b88a7cc096cfd91979) Importer(815301076,1909f56bfc062723c751e8b465ee728b)
Start importing Assets/ML-Agents/Examples/SharedAssets/Prefabs/AgentCubeWithCamera_Purple.prefab using Guid(b3f44c5319ba14b88a7cc096cfd91979) Importer(815301076,1909f56bfc062723c751e8b465ee728b)  -> (artifact id: '62df046f291af2c9bc075a9fcb4e6894') in 0.023675 seconds 
  Import took 0.033474 seconds .

========================================================================
Received Import Request.
  Time since last request: 0.000350 seconds.
  path: Assets/ML-Agents/Examples/SharedAssets/Prefabs/AgentCubeBeveled_Purple.prefab
  artifactKey: Guid(a4068050c927b4ec0b4b561f123190cc) Importer(815301076,1909f56bfc062723c751e8b465ee728b)
Start importing Assets/ML-Agents/Examples/SharedAssets/Prefabs/AgentCubeBeveled_Purple.prefab using Guid(a4068050c927b4ec0b4b561f123190cc) Importer(815301076,1909f56bfc062723c751e8b465ee728b)  -> (artifact id: '47860f1b750bf9b603e73f9024ffebfb') in 0.023667 seconds 
  Import took 0.034481 seconds .

========================================================================
Received Import Request.
  Time since last request: 0.000619 seconds.
  path: Assets/Karting/Prefabs/KartClassic/BaseKartClassic.prefab
  artifactKey: Guid(cba6236a3ca88a54081cc989c4f0c08a) Importer(815301076,1909f56bfc062723c751e8b465ee728b)
Start importing Assets/Karting/Prefabs/KartClassic/BaseKartClassic.prefab using Guid(cba6236a3ca88a54081cc989c4f0c08a) Importer(815301076,1909f56bfc062723c751e8b465ee728b)  -> (artifact id: 'f3d87a9bcbe7f46b6fda5ccea77ca415') in 0.045115 seconds 
  Import took 0.055042 seconds .

========================================================================
Received Import Request.
  Time since last request: 0.000436 seconds.
  path: Assets/Mod Assets/Kart/Bounce Effect Prefabs/BouncySparkly.prefab
  artifactKey: Guid(281b409a5891b40eca60ca1e0fef11e5) Importer(815301076,1909f56bfc062723c751e8b465ee728b)
Start importing Assets/Mod Assets/Kart/Bounce Effect Prefabs/BouncySparkly.prefab using Guid(281b409a5891b40eca60ca1e0fef11e5) Importer(815301076,1909f56bfc062723c751e8b465ee728b)  -> (artifact id: '0deb6aa393af68a8f9e8f292fd2ac990') in 0.022331 seconds 
  Import took 0.031394 seconds .

========================================================================
Received Import Request.
  Time since last request: 0.000648 seconds.
  path: Assets/Karting/Prefabs/Environment/Building03WallWideWindow.prefab
  artifactKey: Guid(b242def909bdd1f4d8b54505acb6c911) Importer(815301076,1909f56bfc062723c751e8b465ee728b)
Start importing Assets/Karting/Prefabs/Environment/Building03WallWideWindow.prefab using Guid(b242def909bdd1f4d8b54505acb6c911) Importer(815301076,1909f56bfc062723c751e8b465ee728b)  -> (artifact id: '45cacf628a3266d4239d17fdab7007fd') in 0.043746 seconds 
  Import took 0.052342 seconds .

========================================================================
Received Import Request.
  Time since last request: 0.000295 seconds.
  path: Assets/Mod Assets/3DProps/BillboardPrefabs/BillboardTall.prefab
  artifactKey: Guid(eb2165edd3e7844999a55b305c92b541) Importer(815301076,1909f56bfc062723c751e8b465ee728b)
Start importing Assets/Mod Assets/3DProps/BillboardPrefabs/BillboardTall.prefab using Guid(eb2165edd3e7844999a55b305c92b541) Importer(815301076,1909f56bfc062723c751e8b465ee728b)  -> (artifact id: 'f4559aa3806bab3378601527c8143aee') in 0.036055 seconds 
  Import took 0.044430 seconds .

========================================================================
Received Import Request.
  Time since last request: 0.000306 seconds.
  path: Assets/ML-Agents/Examples/Pyramids/Prefabs/AreaPB.prefab
  artifactKey: Guid(bd804431e808a492bb5658bcd296e58e) Importer(815301076,1909f56bfc062723c751e8b465ee728b)
Start importing Assets/ML-Agents/Examples/Pyramids/Prefabs/AreaPB.prefab using Guid(bd804431e808a492bb5658bcd296e58e) Importer(815301076,1909f56bfc062723c751e8b465ee728b)  -> (artifact id: 'ee95d212dcc1399fc0231d31fa3b2141') in 0.047629 seconds 
  Import took 0.055009 seconds .

========================================================================
Received Import Request.
  Time since last request: 0.000263 seconds.
  path: Assets/Mod Assets/3DProps/BillboardPrefabs/BillboardWide.prefab
  artifactKey: Guid(87a6cea72ce7247a2814467dab442418) Importer(815301076,1909f56bfc062723c751e8b465ee728b)
Start importing Assets/Mod Assets/3DProps/BillboardPrefabs/BillboardWide.prefab using Guid(87a6cea72ce7247a2814467dab442418) Importer(815301076,1909f56bfc062723c751e8b465ee728b)  -> (artifact id: 'afc3b58ee57bd0e168553a50dcb66b80') in 0.021894 seconds 
  Import took 0.028257 seconds .

========================================================================
Received Import Request.
  Time since last request: 0.000458 seconds.
  path: Assets/Karting/Prefabs/Environment/BuildingMedium.prefab
  artifactKey: Guid(88017844a1245554fb36a6790969f12e) Importer(815301076,1909f56bfc062723c751e8b465ee728b)
Start importing Assets/Karting/Prefabs/Environment/BuildingMedium.prefab using Guid(88017844a1245554fb36a6790969f12e) Importer(815301076,1909f56bfc062723c751e8b465ee728b)  -> (artifact id: '063afc2b69380b5ce6e3c8fdd7c86b9f') in 0.039257 seconds 
  Import took 0.048642 seconds .

========================================================================
Received Import Request.
  Time since last request: 0.000305 seconds.
  path: Assets/Mod Assets/Kart/Bounce Effect Prefabs/BouncyFireworks.prefab
  artifactKey: Guid(5fec8cefa05b84bd4891a0e9bca47a8d) Importer(815301076,1909f56bfc062723c751e8b465ee728b)
Start importing Assets/Mod Assets/Kart/Bounce Effect Prefabs/BouncyFireworks.prefab using Guid(5fec8cefa05b84bd4891a0e9bca47a8d) Importer(815301076,1909f56bfc062723c751e8b465ee728b)  -> (artifact id: '661d90c66f11f2cf2055b4ec77e55a92') in 0.024480 seconds 
  Import took 0.032529 seconds .

